{"D:\\Working\\Art Museum\\art-museum\\src\\utils\\api.ts": {"path":"D:\\Working\\Art Museum\\art-museum\\src\\utils\\api.ts","statementMap":{"0":{"start":{"line":1,"column":0},"end":{"line":1,"column":26}},"1":{"start":{"line":4,"column":16},"end":{"line":4,"column":46}},"2":{"start":{"line":6,"column":13},"end":{"line":9,"column":3}},"3":{"start":{"line":11,"column":20},"end":{"line":16,"column":1}},"4":{"start":{"line":12,"column":2},"end":{"line":14,"column":3}},"5":{"start":{"line":13,"column":4},"end":{"line":13,"column":60}},"6":{"start":{"line":15,"column":2},"end":{"line":15,"column":57}},"7":{"start":{"line":20,"column":29},"end":{"line":40,"column":2}},"8":{"start":{"line":20,"column":75},"end":{"line":40,"column":2}},"9":{"start":{"line":21,"column":19},"end":{"line":26,"column":4}},"10":{"start":{"line":28,"column":18},"end":{"line":28,"column":47}},"11":{"start":{"line":31,"column":2},"end":{"line":39,"column":7}},"12":{"start":{"line":31,"column":57},"end":{"line":39,"column":5}},"13":{"start":{"line":20,"column":13},"end":{"line":20,"column":29}},"14":{"start":{"line":42,"column":35},"end":{"line":51,"column":2}},"15":{"start":{"line":42,"column":77},"end":{"line":51,"column":2}},"16":{"start":{"line":43,"column":19},"end":{"line":49,"column":4}},"17":{"start":{"line":50,"column":2},"end":{"line":50,"column":28}},"18":{"start":{"line":42,"column":13},"end":{"line":42,"column":35}},"19":{"start":{"line":53,"column":34},"end":{"line":70,"column":2}},"20":{"start":{"line":53,"column":60},"end":{"line":70,"column":2}},"21":{"start":{"line":54,"column":19},"end":{"line":54,"column":43}},"22":{"start":{"line":55,"column":18},"end":{"line":55,"column":36}},"23":{"start":{"line":58,"column":18},"end":{"line":58,"column":47}},"24":{"start":{"line":59,"column":2},"end":{"line":69,"column":4}},"25":{"start":{"line":53,"column":13},"end":{"line":53,"column":34}},"26":{"start":{"line":72,"column":35},"end":{"line":96,"column":2}},"27":{"start":{"line":72,"column":81},"end":{"line":96,"column":2}},"28":{"start":{"line":73,"column":2},"end":{"line":95,"column":3}},"29":{"start":{"line":74,"column":21},"end":{"line":74,"column":59}},"30":{"start":{"line":75,"column":17},"end":{"line":75,"column":35}},"31":{"start":{"line":77,"column":20},"end":{"line":77,"column":49}},"32":{"start":{"line":78,"column":4},"end":{"line":91,"column":6}},"33":{"start":{"line":93,"column":4},"end":{"line":93,"column":63}},"34":{"start":{"line":94,"column":4},"end":{"line":94,"column":16}},"35":{"start":{"line":72,"column":13},"end":{"line":72,"column":35}}},"fnMap":{"0":{"name":"(anonymous_7)","decl":{"start":{"line":11,"column":20},"end":{"line":11,"column":21}},"loc":{"start":{"line":11,"column":66},"end":{"line":16,"column":1}}},"1":{"name":"(anonymous_8)","decl":{"start":{"line":20,"column":29},"end":{"line":20,"column":36}},"loc":{"start":{"line":20,"column":75},"end":{"line":40,"column":2}}},"2":{"name":"(anonymous_9)","decl":{"start":{"line":20,"column":75},"end":{"line":20,"column":null}},"loc":{"start":{"line":20,"column":52},"end":{"line":40,"column":1}}},"3":{"name":"(anonymous_10)","decl":{"start":{"line":31,"column":32},"end":{"line":31,"column":33}},"loc":{"start":{"line":31,"column":57},"end":{"line":39,"column":5}}},"4":{"name":"(anonymous_11)","decl":{"start":{"line":42,"column":35},"end":{"line":42,"column":42}},"loc":{"start":{"line":42,"column":77},"end":{"line":51,"column":2}}},"5":{"name":"(anonymous_12)","decl":{"start":{"line":42,"column":77},"end":{"line":42,"column":null}},"loc":{"start":{"line":42,"column":73},"end":{"line":51,"column":1}}},"6":{"name":"(anonymous_13)","decl":{"start":{"line":53,"column":34},"end":{"line":53,"column":41}},"loc":{"start":{"line":53,"column":60},"end":{"line":70,"column":2}}},"7":{"name":"(anonymous_14)","decl":{"start":{"line":53,"column":60},"end":{"line":53,"column":null}},"loc":{"start":{"line":53,"column":60},"end":{"line":70,"column":1}}},"8":{"name":"(anonymous_15)","decl":{"start":{"line":72,"column":35},"end":{"line":72,"column":42}},"loc":{"start":{"line":72,"column":81},"end":{"line":96,"column":2}}},"9":{"name":"(anonymous_16)","decl":{"start":{"line":72,"column":81},"end":{"line":72,"column":null}},"loc":{"start":{"line":72,"column":81},"end":{"line":96,"column":1}}}},"branchMap":{"0":{"loc":{"start":{"line":12,"column":2},"end":{"line":14,"column":3}},"type":"if","locations":[{"start":{"line":12,"column":2},"end":{"line":14,"column":3}}]},"1":{"loc":{"start":{"line":20,"column":36},"end":{"line":20,"column":52}},"type":"default-arg","locations":[{"start":{"line":20,"column":51},"end":{"line":20,"column":52}}]},"2":{"loc":{"start":{"line":34,"column":19},"end":{"line":34,"column":44}},"type":"binary-expr","locations":[{"start":{"line":34,"column":19},"end":{"line":34,"column":36}},{"start":{"line":34,"column":40},"end":{"line":34,"column":44}}]},"3":{"loc":{"start":{"line":35,"column":19},"end":{"line":35,"column":44}},"type":"binary-expr","locations":[{"start":{"line":35,"column":19},"end":{"line":35,"column":36}},{"start":{"line":35,"column":40},"end":{"line":35,"column":44}}]},"4":{"loc":{"start":{"line":36,"column":15},"end":{"line":36,"column":34}},"type":"binary-expr","locations":[{"start":{"line":36,"column":15},"end":{"line":36,"column":28}},{"start":{"line":36,"column":32},"end":{"line":36,"column":34}}]},"5":{"loc":{"start":{"line":38,"column":23},"end":{"line":38,"column":53}},"type":"binary-expr","locations":[{"start":{"line":38,"column":23},"end":{"line":38,"column":44}},{"start":{"line":38,"column":48},"end":{"line":38,"column":53}}]},"6":{"loc":{"start":{"line":42,"column":57},"end":{"line":42,"column":73}},"type":"default-arg","locations":[{"start":{"line":42,"column":72},"end":{"line":42,"column":73}}]},"7":{"loc":{"start":{"line":62,"column":18},"end":{"line":62,"column":46}},"type":"binary-expr","locations":[{"start":{"line":62,"column":18},"end":{"line":62,"column":38}},{"start":{"line":62,"column":42},"end":{"line":62,"column":46}}]},"8":{"loc":{"start":{"line":63,"column":18},"end":{"line":63,"column":46}},"type":"binary-expr","locations":[{"start":{"line":63,"column":18},"end":{"line":63,"column":38}},{"start":{"line":63,"column":42},"end":{"line":63,"column":46}}]},"9":{"loc":{"start":{"line":64,"column":14},"end":{"line":64,"column":36}},"type":"binary-expr","locations":[{"start":{"line":64,"column":14},"end":{"line":64,"column":30}},{"start":{"line":64,"column":34},"end":{"line":64,"column":36}}]},"10":{"loc":{"start":{"line":65,"column":14},"end":{"line":67,"column":55}},"type":"cond-expr","locations":[{"start":{"line":66,"column":8},"end":{"line":66,"column":64}},{"start":{"line":67,"column":8},"end":{"line":67,"column":55}}]},"11":{"loc":{"start":{"line":68,"column":22},"end":{"line":68,"column":55}},"type":"binary-expr","locations":[{"start":{"line":68,"column":22},"end":{"line":68,"column":46}},{"start":{"line":68,"column":50},"end":{"line":68,"column":55}}]},"12":{"loc":{"start":{"line":81,"column":16},"end":{"line":81,"column":35}},"type":"binary-expr","locations":[{"start":{"line":81,"column":16},"end":{"line":81,"column":29}},{"start":{"line":81,"column":33},"end":{"line":81,"column":35}}]},"13":{"loc":{"start":{"line":82,"column":16},"end":{"line":84,"column":55}},"type":"cond-expr","locations":[{"start":{"line":83,"column":8},"end":{"line":83,"column":61}},{"start":{"line":84,"column":8},"end":{"line":84,"column":55}}]}},"s":{"0":4,"1":4,"2":4,"3":4,"4":1,"5":1,"6":0,"7":4,"8":2,"9":2,"10":1,"11":1,"12":1,"13":4,"14":4,"15":1,"16":1,"17":1,"18":4,"19":4,"20":1,"21":1,"22":1,"23":1,"24":1,"25":4,"26":4,"27":1,"28":1,"29":1,"30":1,"31":1,"32":1,"33":0,"34":0,"35":4},"f":{"0":1,"1":2,"2":2,"3":1,"4":1,"5":1,"6":1,"7":1,"8":1,"9":1},"b":{"0":[1],"1":[2],"2":[1,0],"3":[1,0],"4":[1,0],"5":[1,0],"6":[1],"7":[1,1],"8":[1,1],"9":[1,0],"10":[1,0],"11":[1,0],"12":[1,0],"13":[1,0]}}
}
