TN:
SF:src\api\api.ts
FN:12,(anonymous_7)
FN:15,(anonymous_8)
FN:35,(anonymous_9)
FN:35,(anonymous_10)
FN:46,(anonymous_11)
FN:46,(anonymous_12)
FN:63,(anonymous_13)
FN:67,(anonymous_14)
FN:79,(anonymous_15)
FN:79,(anonymous_16)
FN:97,(anonymous_17)
FN:99,(anonymous_18)
FNF:12
FNH:12
FNDA:3,(anonymous_7)
FNDA:3,(anonymous_8)
FNDA:2,(anonymous_9)
FNDA:2,(anonymous_10)
FNDA:1,(anonymous_11)
FNDA:1,(anonymous_12)
FNDA:1,(anonymous_13)
FNDA:1,(anonymous_14)
FNDA:1,(anonymous_15)
FNDA:1,(anonymous_16)
FNDA:1,(anonymous_17)
FNDA:1,(anonymous_18)
DA:1,4
DA:2,4
DA:3,4
DA:7,4
DA:12,4
DA:15,3
DA:16,3
DA:17,0
DA:20,3
DA:22,3
DA:23,3
DA:24,0
DA:25,0
DA:27,0
DA:30,3
DA:31,3
DA:35,4
DA:36,2
DA:43,1
DA:45,1
DA:46,1
DA:47,1
DA:48,1
DA:60,1
DA:63,4
DA:67,1
DA:68,1
DA:76,1
DA:79,4
DA:80,1
DA:81,1
DA:83,1
DA:84,1
DA:86,1
DA:97,4
DA:99,1
DA:100,1
DA:101,1
DA:102,1
DA:104,1
DA:105,1
DA:107,1
DA:120,0
DA:121,0
LF:44
LH:38
BRDA:16,0,0,0
BRDA:24,1,0,0
BRDA:24,1,1,0
BRDA:35,2,0,2
BRDA:51,3,0,1
BRDA:51,3,1,0
BRDA:52,4,0,1
BRDA:52,4,1,0
BRDA:53,5,0,1
BRDA:53,5,1,0
BRDA:55,6,0,1
BRDA:55,6,1,0
BRDA:65,7,0,1
BRDA:66,8,0,1
BRDA:89,9,0,1
BRDA:89,9,1,1
BRDA:90,10,0,1
BRDA:90,10,1,1
BRDA:91,11,0,1
BRDA:91,11,1,0
BRDA:93,12,0,1
BRDA:93,12,1,0
BRDA:110,13,0,1
BRDA:110,13,1,0
BRF:24
BRH:14
end_of_record
TN:
SF:src\constants\apiConstants.ts
FNF:0
FNH:0
DA:1,4
DA:2,4
LF:2
LH:2
BRF:0
BRH:0
end_of_record
TN:
SF:src\constants\apiEndpoints.ts
FN:4,(anonymous_0)
FNF:1
FNH:1
FNDA:1,(anonymous_0)
DA:1,4
DA:4,1
LF:2
LH:2
BRF:0
BRH:0
end_of_record
