TN:
SF:src\utils\api.ts
FN:11,(anonymous_7)
FN:20,(anonymous_8)
FN:20,(anonymous_9)
FN:31,(anonymous_10)
FN:42,(anonymous_11)
FN:42,(anonymous_12)
FN:53,(anonymous_13)
FN:53,(anonymous_14)
FN:72,(anonymous_15)
FN:72,(anonymous_16)
FNF:10
FNH:10
FNDA:1,(anonymous_7)
FNDA:2,(anonymous_8)
FNDA:2,(anonymous_9)
FNDA:1,(anonymous_10)
FNDA:1,(anonymous_11)
FNDA:1,(anonymous_12)
FNDA:1,(anonymous_13)
FNDA:1,(anonymous_14)
FNDA:1,(anonymous_15)
FNDA:1,(anonymous_16)
DA:1,4
DA:4,4
DA:6,4
DA:11,4
DA:12,1
DA:13,1
DA:15,0
DA:20,4
DA:21,2
DA:28,1
DA:31,1
DA:42,4
DA:43,1
DA:50,1
DA:53,4
DA:54,1
DA:55,1
DA:58,1
DA:59,1
DA:72,4
DA:73,1
DA:74,1
DA:75,1
DA:77,1
DA:78,1
DA:93,0
DA:94,0
LF:27
LH:24
BRDA:12,0,0,1
BRDA:20,1,0,2
BRDA:34,2,0,1
BRDA:34,2,1,0
BRDA:35,3,0,1
BRDA:35,3,1,0
BRDA:36,4,0,1
BRDA:36,4,1,0
BRDA:38,5,0,1
BRDA:38,5,1,0
BRDA:42,6,0,1
BRDA:62,7,0,1
BRDA:62,7,1,1
BRDA:63,8,0,1
BRDA:63,8,1,1
BRDA:64,9,0,1
BRDA:64,9,1,0
BRDA:65,10,0,1
BRDA:65,10,1,0
BRDA:68,11,0,1
BRDA:68,11,1,0
BRDA:81,12,0,1
BRDA:81,12,1,0
BRDA:82,13,0,1
BRDA:82,13,1,0
BRF:25
BRH:16
end_of_record
